[AWT-EventQueue-0] INFO  com.maven.bank.dao.BankDaoJDBC - Entered loginCustomer() of dao layer...
[AWT-EventQueue-0] INFO  com.maven.bank.dao.BankDaoJDBC - Entered loginEmployee() of BankDao
[AWT-EventQueue-0] INFO  com.maven.bank.dao.BankDaoJDBC - Entered loginCustomer() of dao layer...
[AWT-EventQueue-0] INFO  com.maven.bank.dao.BankDaoJDBC - Entered loginEmployee() of BankDao
[AWT-EventQueue-0] INFO  com.maven.bank.dao.BankDaoJDBC - Entered loginCustomer() of dao layer...
[AWT-EventQueue-0] INFO  com.maven.bank.dao.BankDaoJDBC - Entered loginEmployee() of BankDao
[AWT-EventQueue-0] INFO  com.maven.bank.dao.BankDaoJDBC - Entered loginCustomer() of dao layer...
[AWT-EventQueue-0] INFO  com.maven.bank.dao.BankDaoJDBC - Entered loginEmployee() of BankDao
[AWT-EventQueue-0] INFO  com.maven.bank.dao.BankDaoJDBC - Entered addUser() of BankDao
[AWT-EventQueue-0] INFO  com.maven.bank.dao.BankDaoJDBC - Entered loginCustomer() of dao layer...
[AWT-EventQueue-0] INFO  com.maven.bank.dao.BankDaoJDBC - Entered loginEmployee() of BankDao
[AWT-EventQueue-0] INFO  com.maven.bank.dao.BankDaoJDBC - Entered loginCustomer() of dao layer...
[AWT-EventQueue-0] INFO  com.maven.bank.dao.BankDaoJDBC - Entered loginEmployee() of BankDao
[AWT-EventQueue-0] INFO  com.maven.bank.dao.BankDaoJDBC - Entered loginCustomer() of dao layer...
[AWT-EventQueue-0] INFO  com.maven.bank.dao.BankDaoJDBC - Entered loginEmployee() of BankDao
[AWT-EventQueue-0] INFO  com.maven.bank.dao.BankDaoJDBC - Entered getBalance() of BankDao
[AWT-EventQueue-0] INFO  com.maven.bank.dao.BankDaoJDBC - Entered loginCustomer() of dao layer...
[AWT-EventQueue-0] INFO  com.maven.bank.dao.BankDaoJDBC - Entered loginEmployee() of BankDao
[AWT-EventQueue-0] INFO  com.maven.bank.dao.BankDaoJDBC - Entered getHistory of BankDao
[AWT-EventQueue-0] INFO  com.maven.bank.dao.BankDaoJDBC - Entered loginCustomer() of dao layer...
[AWT-EventQueue-0] INFO  com.maven.bank.dao.BankDaoJDBC - Entered loginEmployee() of BankDao
[AWT-EventQueue-0] INFO  com.maven.bank.dao.BankDaoJDBC - Entered loginCustomer() of dao layer...
[AWT-EventQueue-0] INFO  com.maven.bank.dao.BankDaoJDBC - Entered loginEmployee() of BankDao
[AWT-EventQueue-0] INFO  com.maven.bank.dao.BankDaoJDBC - Entered loginCustomer() of dao layer...
[AWT-EventQueue-0] INFO  com.maven.bank.dao.BankDaoJDBC - Entered loginEmployee() of BankDao
[AWT-EventQueue-0] INFO  com.maven.bank.dao.BankDaoJDBC - Entered loginCustomer() of dao layer...
[AWT-EventQueue-0] INFO  com.maven.bank.dao.BankDaoJDBC - Entered loginEmployee() of BankDao
[AWT-EventQueue-0] INFO  com.maven.bank.dao.BankDaoJDBC - Entered loginCustomer() of dao layer...
[AWT-EventQueue-0] INFO  com.maven.bank.dao.BankDaoJDBC - Entered loginEmployee() of BankDao
[AWT-EventQueue-0] INFO  com.maven.bank.dao.BankDaoJDBC - Entered getBalance() of BankDao
[AWT-EventQueue-0] INFO  com.maven.bank.dao.BankDaoJDBC - Entered loginCustomer() of dao layer...
[AWT-EventQueue-0] INFO  com.maven.bank.dao.BankDaoJDBC - Entered loginEmployee() of BankDao
[AWT-EventQueue-0] INFO  com.maven.bank.dao.BankDaoJDBC - Entered loginCustomer() of dao layer...
[AWT-EventQueue-0] INFO  com.maven.bank.dao.BankDaoJDBC - Entered loginEmployee() of BankDao
[AWT-EventQueue-0] INFO  com.maven.bank.dao.BankDaoJDBC - Entered loginCustomer() of dao layer...
[AWT-EventQueue-0] INFO  com.maven.bank.dao.BankDaoJDBC - Entered loginEmployee() of BankDao
[AWT-EventQueue-0] INFO  com.maven.bank.dao.BankDaoJDBC - Entered loginCustomer() of dao layer...
[AWT-EventQueue-0] INFO  com.maven.bank.dao.BankDaoJDBC - Entered loginEmployee() of BankDao
[AWT-EventQueue-0] INFO  com.maven.bank.dao.BankDaoJDBC - Entered getAccountNum() of BankDao
[AWT-EventQueue-0] INFO  com.maven.bank.dao.BankDaoJDBC - Entered despoitChecking() of BankDao
[AWT-EventQueue-0] INFO  com.maven.bank.dao.BankDaoJDBC - Entered loginCustomer() of dao layer...
[AWT-EventQueue-0] INFO  com.maven.bank.dao.BankDaoJDBC - Entered loginEmployee() of BankDao
[AWT-EventQueue-0] INFO  com.maven.bank.dao.BankDaoJDBC - Entered loginCustomer() of dao layer...
[AWT-EventQueue-0] INFO  com.maven.bank.dao.BankDaoJDBC - Entered loginEmployee() of BankDao
[AWT-EventQueue-0] INFO  com.maven.bank.dao.BankDaoJDBC - Entered loginCustomer() of dao layer...
[AWT-EventQueue-0] INFO  com.maven.bank.dao.BankDaoJDBC - Entered loginEmployee() of BankDao
[AWT-EventQueue-0] INFO  com.maven.bank.dao.BankDaoJDBC - Entered loginCustomer() of dao layer...
[AWT-EventQueue-0] INFO  com.maven.bank.dao.BankDaoJDBC - Entered loginEmployee() of BankDao
[AWT-EventQueue-0] INFO  com.maven.bank.dao.BankDaoJDBC - Entered getBalance() of BankDao
[AWT-EventQueue-0] INFO  com.maven.bank.dao.BankDaoJDBC - Entered loginCustomer() of dao layer...
[AWT-EventQueue-0] INFO  com.maven.bank.dao.BankDaoJDBC - Entered loginEmployee() of BankDao
[AWT-EventQueue-0] INFO  com.maven.bank.dao.BankDaoJDBC - Entered loginCustomer() of dao layer...
[AWT-EventQueue-0] INFO  com.maven.bank.dao.BankDaoJDBC - Entered loginEmployee() of BankDao
[AWT-EventQueue-0] INFO  com.maven.bank.dao.BankDaoJDBC - Entered loginCustomer() of dao layer...
[AWT-EventQueue-0] INFO  com.maven.bank.dao.BankDaoJDBC - Entered loginEmployee() of BankDao
[AWT-EventQueue-0] INFO  com.maven.bank.dao.BankDaoJDBC - Entered loginCustomer() of dao layer...
[AWT-EventQueue-0] INFO  com.maven.bank.dao.BankDaoJDBC - Entered loginEmployee() of BankDao
[AWT-EventQueue-0] INFO  com.maven.bank.dao.BankDaoJDBC - Entered getAccountNum() of BankDao
[AWT-EventQueue-0] INFO  com.maven.bank.dao.BankDaoJDBC - Entered despoitSaving of BankDao
[AWT-EventQueue-0] INFO  com.maven.bank.dao.BankDaoJDBC - Entered loginCustomer() of dao layer...
[AWT-EventQueue-0] INFO  com.maven.bank.dao.BankDaoJDBC - Entered loginEmployee() of BankDao
[AWT-EventQueue-0] INFO  com.maven.bank.dao.BankDaoJDBC - Entered loginCustomer() of dao layer...
[AWT-EventQueue-0] INFO  com.maven.bank.dao.BankDaoJDBC - Entered loginEmployee() of BankDao
[AWT-EventQueue-0] INFO  com.maven.bank.dao.BankDaoJDBC - Entered loginCustomer() of dao layer...
[AWT-EventQueue-0] INFO  com.maven.bank.dao.BankDaoJDBC - Entered loginEmployee() of BankDao
[AWT-EventQueue-0] INFO  com.maven.bank.dao.BankDaoJDBC - Entered loginCustomer() of dao layer...
[AWT-EventQueue-0] INFO  com.maven.bank.dao.BankDaoJDBC - Entered loginEmployee() of BankDao
[AWT-EventQueue-0] INFO  com.maven.bank.dao.BankDaoJDBC - Entered getBalance() of BankDao
[AWT-EventQueue-0] INFO  com.maven.bank.dao.BankDaoJDBC - Entered loginCustomer() of dao layer...
[AWT-EventQueue-0] INFO  com.maven.bank.dao.BankDaoJDBC - Entered loginEmployee() of BankDao
[AWT-EventQueue-0] INFO  com.maven.bank.dao.BankDaoJDBC - Entered getHistory of BankDao
[AWT-EventQueue-0] INFO  com.maven.bank.dao.BankDaoJDBC - Entered loginCustomer() of dao layer...
[AWT-EventQueue-0] INFO  com.maven.bank.dao.BankDaoJDBC - Entered loginEmployee() of BankDao
[AWT-EventQueue-0] INFO  com.maven.bank.dao.BankDaoJDBC - Entered loginCustomer() of dao layer...
[AWT-EventQueue-0] INFO  com.maven.bank.dao.BankDaoJDBC - Entered loginEmployee() of BankDao
[AWT-EventQueue-0] INFO  com.maven.bank.dao.BankDaoJDBC - Entered loginCustomer() of dao layer...
[AWT-EventQueue-0] INFO  com.maven.bank.dao.BankDaoJDBC - Entered loginEmployee() of BankDao
[AWT-EventQueue-0] INFO  com.maven.bank.dao.BankDaoJDBC - Entered loginCustomer() of dao layer...
[AWT-EventQueue-0] INFO  com.maven.bank.dao.BankDaoJDBC - Entered loginEmployee() of BankDao
[AWT-EventQueue-0] INFO  com.maven.bank.dao.BankDaoJDBC - Entered loginCustomer() of dao layer...
[AWT-EventQueue-0] INFO  com.maven.bank.dao.BankDaoJDBC - Entered loginEmployee() of BankDao
[AWT-EventQueue-0] INFO  com.maven.bank.dao.BankDaoJDBC - Entered getAllCustomers() of BankDao
[AWT-EventQueue-0] INFO  com.maven.bank.dao.BankDaoJDBC - Entered loginCustomer() of dao layer...
[AWT-EventQueue-0] INFO  com.maven.bank.dao.BankDaoJDBC - Entered loginEmployee() of BankDao
[AWT-EventQueue-0] INFO  com.maven.bank.dao.BankDaoJDBC - Entered loginCustomer() of dao layer...
[AWT-EventQueue-0] INFO  com.maven.bank.dao.BankDaoJDBC - Entered loginEmployee() of BankDao
[AWT-EventQueue-0] INFO  com.maven.bank.dao.BankDaoJDBC - Entered loginCustomer() of dao layer...
[AWT-EventQueue-0] INFO  com.maven.bank.dao.BankDaoJDBC - Entered loginEmployee() of BankDao
[AWT-EventQueue-0] INFO  com.maven.bank.dao.BankDaoJDBC - Entered loginCustomer() of dao layer...
[AWT-EventQueue-0] INFO  com.maven.bank.dao.BankDaoJDBC - Entered loginEmployee() of BankDao
[AWT-EventQueue-0] INFO  com.maven.bank.dao.BankDaoJDBC - Entered loginCustomer() of dao layer...
[AWT-EventQueue-0] INFO  com.maven.bank.dao.BankDaoJDBC - Entered loginEmployee() of BankDao
[AWT-EventQueue-0] INFO  com.maven.bank.dao.BankDaoJDBC - Entered loginCustomer() of dao layer...
[AWT-EventQueue-0] INFO  com.maven.bank.dao.BankDaoJDBC - Entered loginEmployee() of BankDao
[AWT-EventQueue-0] INFO  com.maven.bank.dao.BankDaoJDBC - Entered loginCustomer() of dao layer...
[AWT-EventQueue-0] INFO  com.maven.bank.dao.BankDaoJDBC - Entered loginEmployee() of BankDao
[AWT-EventQueue-0] INFO  com.maven.bank.dao.BankDaoJDBC - Entered getAllCustomers() of BankDao
[AWT-EventQueue-0] INFO  com.maven.bank.dao.BankDaoJDBC - Entered loginCustomer() of dao layer...
[AWT-EventQueue-0] INFO  com.maven.bank.dao.BankDaoJDBC - Entered loginEmployee() of BankDao
[AWT-EventQueue-0] INFO  com.maven.bank.dao.BankDaoJDBC - Entered loginCustomer() of dao layer...
[AWT-EventQueue-0] INFO  com.maven.bank.dao.BankDaoJDBC - Entered loginEmployee() of BankDao
[AWT-EventQueue-0] INFO  com.maven.bank.dao.BankDaoJDBC - Entered loginCustomer() of dao layer...
[AWT-EventQueue-0] INFO  com.maven.bank.dao.BankDaoJDBC - Entered loginEmployee() of BankDao
[AWT-EventQueue-0] INFO  com.maven.bank.dao.BankDaoJDBC - Entered loginCustomer() of dao layer...
[AWT-EventQueue-0] INFO  com.maven.bank.dao.BankDaoJDBC - Entered loginEmployee() of BankDao
[AWT-EventQueue-0] INFO  com.maven.bank.dao.BankDaoJDBC - Entered loginCustomer() of dao layer...
[AWT-EventQueue-0] INFO  com.maven.bank.dao.BankDaoJDBC - Entered loginEmployee() of BankDao
[AWT-EventQueue-0] INFO  com.maven.bank.dao.BankDaoJDBC - Entered loginCustomer() of dao layer...
[AWT-EventQueue-0] INFO  com.maven.bank.dao.BankDaoJDBC - Entered loginEmployee() of BankDao
[AWT-EventQueue-0] INFO  com.maven.bank.dao.BankDaoJDBC - Entered loginCustomer() of dao layer...
[AWT-EventQueue-0] INFO  com.maven.bank.dao.BankDaoJDBC - Entered loginEmployee() of BankDao
[AWT-EventQueue-0] INFO  com.maven.bank.dao.BankDaoJDBC - Entered getAllCustomers() of BankDao
[AWT-EventQueue-0] INFO  com.maven.bank.dao.BankDaoJDBC - Entered loginCustomer() of dao layer...
[AWT-EventQueue-0] INFO  com.maven.bank.dao.BankDaoJDBC - Entered loginEmployee() of BankDao
[AWT-EventQueue-0] INFO  com.maven.bank.dao.BankDaoJDBC - Entered loginCustomer() of dao layer...
[AWT-EventQueue-0] INFO  com.maven.bank.dao.BankDaoJDBC - Entered loginEmployee() of BankDao
[AWT-EventQueue-0] INFO  com.maven.bank.dao.BankDaoJDBC - Entered loginCustomer() of dao layer...
[AWT-EventQueue-0] INFO  com.maven.bank.dao.BankDaoJDBC - Entered loginEmployee() of BankDao
[AWT-EventQueue-0] INFO  com.maven.bank.dao.BankDaoJDBC - Entered loginCustomer() of dao layer...
[AWT-EventQueue-0] INFO  com.maven.bank.dao.BankDaoJDBC - Entered loginEmployee() of BankDao
[AWT-EventQueue-0] INFO  com.maven.bank.dao.BankDaoJDBC - Entered loginCustomer() of dao layer...
[AWT-EventQueue-0] INFO  com.maven.bank.dao.BankDaoJDBC - Entered loginEmployee() of BankDao
[AWT-EventQueue-0] INFO  com.maven.bank.dao.BankDaoJDBC - Entered getHistory of BankDao
[AWT-EventQueue-0] INFO  com.maven.bank.dao.BankDaoJDBC - Entered loginCustomer() of dao layer...
[AWT-EventQueue-0] INFO  com.maven.bank.dao.BankDaoJDBC - Entered loginEmployee() of BankDao
[AWT-EventQueue-0] INFO  com.maven.bank.dao.BankDaoJDBC - Entered getBalance() of BankDao
[AWT-EventQueue-0] INFO  com.maven.bank.dao.BankDaoJDBC - Entered loginCustomer() of dao layer...
[AWT-EventQueue-0] INFO  com.maven.bank.dao.BankDaoJDBC - Entered loginEmployee() of BankDao
[AWT-EventQueue-0] INFO  com.maven.bank.dao.BankDaoJDBC - Entered loginCustomer() of dao layer...
[AWT-EventQueue-0] INFO  com.maven.bank.dao.BankDaoJDBC - Entered loginEmployee() of BankDao
[AWT-EventQueue-0] INFO  com.maven.bank.dao.BankDaoJDBC - Entered loginCustomer() of dao layer...
[AWT-EventQueue-0] INFO  com.maven.bank.dao.BankDaoJDBC - Entered loginEmployee() of BankDao
[AWT-EventQueue-0] INFO  com.maven.bank.dao.BankDaoJDBC - Entered loginCustomer() of dao layer...
[AWT-EventQueue-0] INFO  com.maven.bank.dao.BankDaoJDBC - Entered loginEmployee() of BankDao
[AWT-EventQueue-0] INFO  com.maven.bank.dao.BankDaoJDBC - Entered loginCustomer() of dao layer...
[AWT-EventQueue-0] INFO  com.maven.bank.dao.BankDaoJDBC - Entered loginEmployee() of BankDao
[AWT-EventQueue-0] INFO  com.maven.bank.dao.BankDaoJDBC - Entered loginCustomer() of dao layer...
[AWT-EventQueue-0] INFO  com.maven.bank.dao.BankDaoJDBC - Entered loginEmployee() of BankDao
[AWT-EventQueue-0] INFO  com.maven.bank.dao.BankDaoJDBC - Entered loginCustomer() of dao layer...
[AWT-EventQueue-0] INFO  com.maven.bank.dao.BankDaoJDBC - Entered loginEmployee() of BankDao
[AWT-EventQueue-0] INFO  com.maven.bank.dao.BankDaoJDBC - Entered getBalance() of BankDao
[AWT-EventQueue-0] INFO  com.maven.bank.dao.BankDaoJDBC - Entered loginCustomer() of dao layer...
[AWT-EventQueue-0] INFO  com.maven.bank.dao.BankDaoJDBC - Entered loginEmployee() of BankDao
[AWT-EventQueue-0] INFO  com.maven.bank.dao.BankDaoJDBC - Entered loginCustomer() of dao layer...
[AWT-EventQueue-0] INFO  com.maven.bank.dao.BankDaoJDBC - Entered loginEmployee() of BankDao
[AWT-EventQueue-0] INFO  com.maven.bank.dao.BankDaoJDBC - Entered loginCustomer() of dao layer...
[AWT-EventQueue-0] INFO  com.maven.bank.dao.BankDaoJDBC - Entered loginEmployee() of BankDao
[AWT-EventQueue-0] INFO  com.maven.bank.dao.BankDaoJDBC - Entered loginCustomer() of dao layer...
[AWT-EventQueue-0] INFO  com.maven.bank.dao.BankDaoJDBC - Entered loginEmployee() of BankDao
[AWT-EventQueue-0] INFO  com.maven.bank.dao.BankDaoJDBC - Entered getAccountNum() of BankDao
[AWT-EventQueue-0] INFO  com.maven.bank.dao.BankDaoJDBC - Entered savingstoChecking() of BankDao
[AWT-EventQueue-0] INFO  com.maven.bank.dao.BankDaoJDBC - Entered loginCustomer() of dao layer...
[AWT-EventQueue-0] INFO  com.maven.bank.dao.BankDaoJDBC - Entered loginEmployee() of BankDao
[AWT-EventQueue-0] INFO  com.maven.bank.dao.BankDaoJDBC - Entered loginCustomer() of dao layer...
[AWT-EventQueue-0] INFO  com.maven.bank.dao.BankDaoJDBC - Entered loginEmployee() of BankDao
[AWT-EventQueue-0] INFO  com.maven.bank.dao.BankDaoJDBC - Entered loginCustomer() of dao layer...
[AWT-EventQueue-0] INFO  com.maven.bank.dao.BankDaoJDBC - Entered loginEmployee() of BankDao
[AWT-EventQueue-0] INFO  com.maven.bank.dao.BankDaoJDBC - Entered loginCustomer() of dao layer...
[AWT-EventQueue-0] INFO  com.maven.bank.dao.BankDaoJDBC - Entered loginEmployee() of BankDao
[AWT-EventQueue-0] INFO  com.maven.bank.dao.BankDaoJDBC - Entered getHistory of BankDao
[AWT-EventQueue-0] ERROR c.m.b.presentation.BankPresentation - Exception occurred : Internal Database Server Error!! Please try again later!
[AWT-EventQueue-0] INFO  com.maven.bank.dao.BankDaoJDBC - Entered loginCustomer() of dao layer...
[AWT-EventQueue-0] INFO  com.maven.bank.dao.BankDaoJDBC - Entered loginEmployee() of BankDao
[AWT-EventQueue-0] INFO  com.maven.bank.dao.BankDaoJDBC - Entered getHistory of BankDao
[AWT-EventQueue-0] ERROR c.m.b.presentation.BankPresentation - Exception occurred : Internal Database Server Error!! Please try again later!
[AWT-EventQueue-0] INFO  com.maven.bank.dao.BankDaoJDBC - Entered loginCustomer() of dao layer...
[AWT-EventQueue-0] INFO  com.maven.bank.dao.BankDaoJDBC - Entered loginEmployee() of BankDao
[AWT-EventQueue-0] INFO  com.maven.bank.dao.BankDaoJDBC - Entered getBalance() of BankDao
[AWT-EventQueue-0] INFO  com.maven.bank.dao.BankDaoJDBC - Entered loginCustomer() of dao layer...
[AWT-EventQueue-0] INFO  com.maven.bank.dao.BankDaoJDBC - Entered loginEmployee() of BankDao
[AWT-EventQueue-0] INFO  com.maven.bank.dao.BankDaoJDBC - Entered getHistory of BankDao
[AWT-EventQueue-0] ERROR c.m.b.presentation.BankPresentation - Exception occurred : Internal Database Server Error!! Please try again later!
[AWT-EventQueue-0] INFO  com.maven.bank.dao.BankDaoJDBC - Entered loginCustomer() of dao layer...
[AWT-EventQueue-0] INFO  com.maven.bank.dao.BankDaoJDBC - Entered loginEmployee() of BankDao
[AWT-EventQueue-0] INFO  com.maven.bank.dao.BankDaoJDBC - Entered loginCustomer() of dao layer...
[AWT-EventQueue-0] INFO  com.maven.bank.dao.BankDaoJDBC - Entered loginEmployee() of BankDao
[AWT-EventQueue-0] INFO  com.maven.bank.dao.BankDaoJDBC - Entered loginCustomer() of dao layer...
[AWT-EventQueue-0] INFO  com.maven.bank.dao.BankDaoJDBC - Entered loginEmployee() of BankDao
[AWT-EventQueue-0] INFO  com.maven.bank.dao.BankDaoJDBC - Entered getBalance() of BankDao
[AWT-EventQueue-0] INFO  com.maven.bank.dao.BankDaoJDBC - Entered loginCustomer() of dao layer...
[AWT-EventQueue-0] INFO  com.maven.bank.dao.BankDaoJDBC - Entered loginEmployee() of BankDao
[AWT-EventQueue-0] INFO  com.maven.bank.dao.BankDaoJDBC - Entered getHistory of BankDao
[AWT-EventQueue-0] INFO  com.maven.bank.dao.BankDaoJDBC - Entered loginCustomer() of dao layer...
[AWT-EventQueue-0] INFO  com.maven.bank.dao.BankDaoJDBC - Entered loginEmployee() of BankDao
[AWT-EventQueue-0] INFO  com.maven.bank.dao.BankDaoJDBC - Entered loginCustomer() of dao layer...
[AWT-EventQueue-0] INFO  com.maven.bank.dao.BankDaoJDBC - Entered loginEmployee() of BankDao
[AWT-EventQueue-0] INFO  com.maven.bank.dao.BankDaoJDBC - Entered loginCustomer() of dao layer...
[AWT-EventQueue-0] INFO  com.maven.bank.dao.BankDaoJDBC - Entered loginEmployee() of BankDao
[AWT-EventQueue-0] INFO  com.maven.bank.dao.BankDaoJDBC - Entered loginCustomer() of dao layer...
[AWT-EventQueue-0] INFO  com.maven.bank.dao.BankDaoJDBC - Entered loginEmployee() of BankDao
[AWT-EventQueue-0] INFO  com.maven.bank.dao.BankDaoJDBC - Entered loginCustomer() of dao layer...
[AWT-EventQueue-0] INFO  com.maven.bank.dao.BankDaoJDBC - Entered loginEmployee() of BankDao
[AWT-EventQueue-0] INFO  com.maven.bank.dao.BankDaoJDBC - Entered loginCustomer() of dao layer...
[AWT-EventQueue-0] INFO  com.maven.bank.dao.BankDaoJDBC - Entered loginEmployee() of BankDao
[AWT-EventQueue-0] INFO  com.maven.bank.dao.BankDaoJDBC - Entered loginCustomer() of dao layer...
[AWT-EventQueue-0] INFO  com.maven.bank.dao.BankDaoJDBC - Entered loginEmployee() of BankDao
[AWT-EventQueue-0] INFO  com.maven.bank.dao.BankDaoJDBC - Entered loginCustomer() of dao layer...
[AWT-EventQueue-0] INFO  com.maven.bank.dao.BankDaoJDBC - Entered loginEmployee() of BankDao
[AWT-EventQueue-0] INFO  com.maven.bank.dao.BankDaoJDBC - Entered getHistory of BankDao
[AWT-EventQueue-0] INFO  com.maven.bank.dao.BankDaoJDBC - Entered loginCustomer() of dao layer...
[AWT-EventQueue-0] INFO  com.maven.bank.dao.BankDaoJDBC - Entered loginEmployee() of BankDao
[AWT-EventQueue-0] INFO  com.maven.bank.dao.BankDaoJDBC - Entered getBalance() of BankDao
[AWT-EventQueue-0] INFO  com.maven.bank.dao.BankDaoJDBC - Entered loginCustomer() of dao layer...
[AWT-EventQueue-0] INFO  com.maven.bank.dao.BankDaoJDBC - Entered loginEmployee() of BankDao
[AWT-EventQueue-0] INFO  com.maven.bank.dao.BankDaoJDBC - Entered getBalance() of BankDao
[AWT-EventQueue-0] INFO  com.maven.bank.dao.BankDaoJDBC - Entered loginCustomer() of dao layer...
[AWT-EventQueue-0] INFO  com.maven.bank.dao.BankDaoJDBC - Entered loginEmployee() of BankDao
[AWT-EventQueue-0] INFO  com.maven.bank.dao.BankDaoJDBC - Entered loginCustomer() of dao layer...
[AWT-EventQueue-0] INFO  com.maven.bank.dao.BankDaoJDBC - Entered loginEmployee() of BankDao
[AWT-EventQueue-0] INFO  com.maven.bank.dao.BankDaoJDBC - Entered loginCustomer() of dao layer...
[AWT-EventQueue-0] INFO  com.maven.bank.dao.BankDaoJDBC - Entered loginEmployee() of BankDao
[AWT-EventQueue-0] INFO  com.maven.bank.dao.BankDaoJDBC - Entered getBalance() of BankDao
[AWT-EventQueue-0] INFO  com.maven.bank.dao.BankDaoJDBC - Entered loginCustomer() of dao layer...
[AWT-EventQueue-0] INFO  com.maven.bank.dao.BankDaoJDBC - Entered loginEmployee() of BankDao
[AWT-EventQueue-0] INFO  com.maven.bank.dao.BankDaoJDBC - Entered getHistory of BankDao
[AWT-EventQueue-0] ERROR c.m.b.presentation.BankPresentation - Exception occurred : Internal Database Server Error!! Please try again later!
[AWT-EventQueue-0] INFO  com.maven.bank.dao.BankDaoJDBC - Entered loginCustomer() of dao layer...
[AWT-EventQueue-0] INFO  com.maven.bank.dao.BankDaoJDBC - Entered loginEmployee() of BankDao
[AWT-EventQueue-0] INFO  com.maven.bank.dao.BankDaoJDBC - Entered loginCustomer() of dao layer...
[AWT-EventQueue-0] INFO  com.maven.bank.dao.BankDaoJDBC - Entered loginEmployee() of BankDao
[AWT-EventQueue-0] INFO  com.maven.bank.dao.BankDaoJDBC - Entered loginCustomer() of dao layer...
[AWT-EventQueue-0] INFO  com.maven.bank.dao.BankDaoJDBC - Entered loginEmployee() of BankDao
[AWT-EventQueue-0] INFO  com.maven.bank.dao.BankDaoJDBC - Entered loginCustomer() of dao layer...
[AWT-EventQueue-0] INFO  com.maven.bank.dao.BankDaoJDBC - Entered loginEmployee() of BankDao
[AWT-EventQueue-0] INFO  com.maven.bank.dao.BankDaoJDBC - Entered loginCustomer() of dao layer...
[AWT-EventQueue-0] INFO  com.maven.bank.dao.BankDaoJDBC - Entered loginEmployee() of BankDao
[AWT-EventQueue-0] INFO  com.maven.bank.dao.BankDaoJDBC - Entered loginCustomer() of dao layer...
[AWT-EventQueue-0] INFO  com.maven.bank.dao.BankDaoJDBC - Entered loginEmployee() of BankDao
[AWT-EventQueue-0] INFO  com.maven.bank.dao.BankDaoJDBC - Entered loginCustomer() of dao layer...
[AWT-EventQueue-0] INFO  com.maven.bank.dao.BankDaoJDBC - Entered loginEmployee() of BankDao
[AWT-EventQueue-0] INFO  com.maven.bank.dao.BankDaoJDBC - Entered loginCustomer() of dao layer...
[AWT-EventQueue-0] INFO  com.maven.bank.dao.BankDaoJDBC - Entered loginEmployee() of BankDao
[AWT-EventQueue-0] INFO  com.maven.bank.dao.BankDaoJDBC - Entered loginCustomer() of dao layer...
[AWT-EventQueue-0] INFO  com.maven.bank.dao.BankDaoJDBC - Entered loginEmployee() of BankDao
[AWT-EventQueue-0] INFO  com.maven.bank.dao.BankDaoJDBC - Entered loginCustomer() of dao layer...
[AWT-EventQueue-0] INFO  com.maven.bank.dao.BankDaoJDBC - Entered loginEmployee() of BankDao
[AWT-EventQueue-0] INFO  com.maven.bank.dao.BankDaoJDBC - Entered getHistory of BankDao
[AWT-EventQueue-0] ERROR c.m.b.presentation.BankPresentation - Exception occurred : Internal Database Server Error!! Please try again later!
